# JRE version: OpenJDK Runtime Environment Temurin-21.0.10+7 (21.0.10+7) (build 21.0.10+7-LTS)
# Java VM: OpenJDK 64-Bit Server VM Temurin-21.0.10+7 (21.0.10+7-LTS, mixed mode, sharing, tiered, compressed oops, compressed class ptrs, parallel gc, windows-amd64)
GC Precious Log:
 CardTable entry size: 512
 CPUs: 28 total, 28 available
 Memory: 7868M
 Large Page Support: Disabled
 NUMA Support: Disabled
 Compressed Oops: Enabled (32-bit)
 Alignments: Space 512K, Generation 512K, Heap 2M
 Heap Min Capacity: 100M
 Heap Initial Capacity: 100M
 Heap Max Capacity: 2G
 Pre-touch: Disabled
 Parallel Workers: 20
Heap:
 PSYoungGen      total 8192K, used 7319K [0x00000000d5580000, 0x00000000d6500000, 0x0000000100000000)
  eden space 7680K, 89% used [0x00000000d5580000,0x00000000d5c2de88,0x00000000d5d00000)
  from space 512K, 93% used [0x00000000d6480000,0x00000000d64f8010,0x00000000d6500000)
  to   space 1536K, 43% used [0x00000000d6300000,0x00000000d63a8000,0x00000000d6480000)
 ParOldGen       total 68608K, used 67919K [0x0000000080000000, 0x0000000084300000, 0x00000000d5580000)
  object space 68608K, 98% used [0x0000000080000000,0x0000000084253c70,0x0000000084300000)
 Metaspace       used 62236K, committed 63744K, reserved 1114112K
  class space    used 7321K, committed 8000K, reserved 1048576K
GC Heap History (20 events):
Event: 6.435 GC heap before
{Heap before GC invocations=32 (full 2):
 PSYoungGen      total 19456K, used 12177K [0x00000000d5580000, 0x00000000d6b00000, 0x0000000100000000)
  eden space 17920K, 63% used [0x00000000d5580000,0x00000000d609c6f0,0x00000000d6700000)
  from space 1536K, 52% used [0x00000000d6880000,0x00000000d6948010,0x00000000d6a00000)
  to   space 1024K, 0% used [0x00000000d6a00000,0x00000000d6a00000,0x00000000d6b00000)
 ParOldGen       total 68608K, used 43195K [0x0000000080000000, 0x0000000084300000, 0x00000000d5580000)
  object space 68608K, 62% used [0x0000000080000000,0x0000000082a2ec60,0x0000000084300000)
 Metaspace       used 58485K, committed 59776K, reserved 1114112K
  class space    used 6895K, committed 7488K, reserved 1048576K
}
Event: 6.436 GC heap after
{Heap after GC invocations=32 (full 2):
 PSYoungGen      total 18944K, used 928K [0x00000000d5580000, 0x00000000d6b00000, 0x0000000100000000)
  eden space 17920K, 0% used [0x00000000d5580000,0x00000000d5580000,0x00000000d6700000)
  from space 1024K, 90% used [0x00000000d6a00000,0x00000000d6ae8010,0x00000000d6b00000)
  to   space 1024K, 0% used [0x00000000d6900000,0x00000000d6900000,0x00000000d6a00000)
 ParOldGen       total 68608K, used 43795K [0x0000000080000000, 0x0000000084300000, 0x00000000d5580000)
  object space 68608K, 63% used [0x0000000080000000,0x0000000082ac4c70,0x0000000084300000)
 Metaspace       used 58485K, committed 59776K, reserved 1114112K
  class space    used 6895K, committed 7488K, reserved 1048576K
}
Event: 6.436 GC heap before
{Heap before GC invocations=33 (full 3):
 PSYoungGen      total 18944K, used 928K [0x00000000d5580000, 0x00000000d6b00000, 0x0000000100000000)
  eden space 17920K, 0% used [0x00000000d5580000,0x00000000d5580000,0x00000000d6700000)
  from space 1024K, 90% used [0x00000000d6a00000,0x00000000d6ae8010,0x00000000d6b00000)
  to   space 1024K, 0% used [0x00000000d6900000,0x00000000d6900000,0x00000000d6a00000)
 ParOldGen       total 68608K, used 43795K [0x0000000080000000, 0x0000000084300000, 0x00000000d5580000)
  object space 68608K, 63% used [0x0000000080000000,0x0000000082ac4c70,0x0000000084300000)
 Metaspace       used 58485K, committed 59776K, reserved 1114112K
  class space    used 6895K, committed 7488K, reserved 1048576K
}
Event: 6.469 GC heap after
{Heap after GC invocations=33 (full 3):
 PSYoungGen      total 18944K, used 0K [0x00000000d5580000, 0x00000000d6b00000, 0x0000000100000000)
  eden space 17920K, 0% used [0x00000000d5580000,0x00000000d5580000,0x00000000d6700000)
  from space 1024K, 0% used [0x00000000d6a00000,0x00000000d6a00000,0x00000000d6b00000)
  to   space 1024K, 0% used [0x00000000d6900000,0x00000000d6900000,0x00000000d6a00000)
 ParOldGen       total 68608K, used 41888K [0x0000000080000000, 0x0000000084300000, 0x00000000d5580000)
  object space 68608K, 61% used [0x0000000080000000,0x00000000828e8228,0x0000000084300000)
 Metaspace       used 58485K, committed 59776K, reserved 1114112K
  class space    used 6895K, committed 7488K, reserved 1048576K
}
Event: 15.570 GC heap before
{Heap before GC invocations=34 (full 3):
 PSYoungGen      total 18944K, used 17908K [0x00000000d5580000, 0x00000000d6b00000, 0x0000000100000000)
  eden space 17920K, 99% used [0x00000000d5580000,0x00000000d66fd268,0x00000000d6700000)
  from space 1024K, 0% used [0x00000000d6a00000,0x00000000d6a00000,0x00000000d6b00000)
  to   space 1024K, 0% used [0x00000000d6900000,0x00000000d6900000,0x00000000d6a00000)
 ParOldGen       total 68608K, used 41888K [0x0000000080000000, 0x0000000084300000, 0x00000000d5580000)
  object space 68608K, 61% used [0x0000000080000000,0x00000000828e8228,0x0000000084300000)
 Metaspace       used 59903K, committed 61312K, reserved 1114112K
  class space    used 7067K, committed 7680K, reserved 1048576K
}
Event: 15.571 GC heap after
{Heap after GC invocations=34 (full 3):
 PSYoungGen      total 18944K, used 1024K [0x00000000d5580000, 0x00000000d6a80000, 0x0000000100000000)
  eden space 17920K, 0% used [0x00000000d5580000,0x00000000d5580000,0x00000000d6700000)
  from space 1024K, 100% used [0x00000000d6900000,0x00000000d6a00000,0x00000000d6a00000)
  to   space 512K, 0% used [0x00000000d6a00000,0x00000000d6a00000,0x00000000d6a80000)
 ParOldGen       total 68608K, used 42272K [0x0000000080000000, 0x0000000084300000, 0x00000000d5580000)
  object space 68608K, 61% used [0x0000000080000000,0x0000000082948228,0x0000000084300000)
 Metaspace       used 59903K, committed 61312K, reserved 1114112K
  class space    used 7067K, committed 7680K, reserved 1048576K
}
Event: 15.700 GC heap before
{Heap before GC invocations=35 (full 3):
 PSYoungGen      total 18944K, used 18926K [0x00000000d5580000, 0x00000000d6a80000, 0x0000000100000000)
  eden space 17920K, 99% used [0x00000000d5580000,0x00000000d66fb980,0x00000000d6700000)
  from space 1024K, 100% used [0x00000000d6900000,0x00000000d6a00000,0x00000000d6a00000)
  to   space 512K, 0% used [0x00000000d6a00000,0x00000000d6a00000,0x00000000d6a80000)
 ParOldGen       total 68608K, used 42272K [0x0000000080000000, 0x0000000084300000, 0x00000000d5580000)
  object space 68608K, 61% used [0x0000000080000000,0x0000000082948228,0x0000000084300000)
 Metaspace       used 60825K, committed 62208K, reserved 1114112K
  class space    used 7159K, committed 7744K, reserved 1048576K
}
Event: 15.706 GC heap after
{Heap after GC invocations=35 (full 3):
 PSYoungGen      total 8192K, used 499K [0x00000000d5580000, 0x00000000d8100000, 0x0000000100000000)
  eden space 7680K, 0% used [0x00000000d5580000,0x00000000d5580000,0x00000000d5d00000)
  from space 512K, 97% used [0x00000000d6a00000,0x00000000d6a7cd98,0x00000000d6a80000)
  to   space 13312K, 0% used [0x00000000d5d00000,0x00000000d5d00000,0x00000000d6a00000)
 ParOldGen       total 68608K, used 53237K [0x0000000080000000, 0x0000000084300000, 0x00000000d5580000)
  object space 68608K, 77% used [0x0000000080000000,0x00000000833fd668,0x0000000084300000)
 Metaspace       used 60825K, committed 62208K, reserved 1114112K
  class space    used 7159K, committed 7744K, reserved 1048576K
}
Event: 15.768 GC heap before
{Heap before GC invocations=36 (full 3):
 PSYoungGen      total 8192K, used 8179K [0x00000000d5580000, 0x00000000d8100000, 0x0000000100000000)
  eden space 7680K, 100% used [0x00000000d5580000,0x00000000d5d00000,0x00000000d5d00000)
  from space 512K, 97% used [0x00000000d6a00000,0x00000000d6a7cd98,0x00000000d6a80000)
  to   space 13312K, 0% used [0x00000000d5d00000,0x00000000d5d00000,0x00000000d6a00000)
 ParOldGen       total 68608K, used 53237K [0x0000000080000000, 0x0000000084300000, 0x00000000d5580000)
  object space 68608K, 77% used [0x0000000080000000,0x00000000833fd668,0x0000000084300000)
 Metaspace       used 61318K, committed 62784K, reserved 1114112K
  class space    used 7202K, committed 7808K, reserved 1048576K
}
Event: 15.769 GC heap after
{Heap after GC invocations=36 (full 3):
 PSYoungGen      total 9216K, used 1152K [0x00000000d5580000, 0x00000000d6a80000, 0x0000000100000000)
  eden space 7680K, 0% used [0x00000000d5580000,0x00000000d5580000,0x00000000d5d00000)
  from space 1536K, 75% used [0x00000000d5d00000,0x00000000d5e20020,0x00000000d5e80000)
  to   space 5120K, 0% used [0x00000000d6580000,0x00000000d6580000,0x00000000d6a80000)
 ParOldGen       total 68608K, used 53831K [0x0000000080000000, 0x0000000084300000, 0x00000000d5580000)
  object space 68608K, 78% used [0x0000000080000000,0x0000000083491da8,0x0000000084300000)
 Metaspace       used 61318K, committed 62784K, reserved 1114112K
  class space    used 7202K, committed 7808K, reserved 1048576K
}
Event: 15.785 GC heap before
{Heap before GC invocations=37 (full 3):
 PSYoungGen      total 9216K, used 8832K [0x00000000d5580000, 0x00000000d6a80000, 0x0000000100000000)
  eden space 7680K, 100% used [0x00000000d5580000,0x00000000d5d00000,0x00000000d5d00000)
  from space 1536K, 75% used [0x00000000d5d00000,0x00000000d5e20020,0x00000000d5e80000)
  to   space 5120K, 0% used [0x00000000d6580000,0x00000000d6580000,0x00000000d6a80000)
 ParOldGen       total 68608K, used 53831K [0x0000000080000000, 0x0000000084300000, 0x00000000d5580000)
  object space 68608K, 78% used [0x0000000080000000,0x0000000083491da8,0x0000000084300000)
 Metaspace       used 61425K, committed 62848K, reserved 1114112K
  class space    used 7222K, committed 7808K, reserved 1048576K
}
Event: 15.786 GC heap after
{Heap after GC invocations=37 (full 3):
 PSYoungGen      total 9216K, used 1241K [0x00000000d5580000, 0x00000000d6700000, 0x0000000100000000)
  eden space 7680K, 0% used [0x00000000d5580000,0x00000000d5580000,0x00000000d5d00000)
  from space 1536K, 80% used [0x00000000d6580000,0x00000000d66b64b8,0x00000000d6700000)
  to   space 2048K, 0% used [0x00000000d6300000,0x00000000d6300000,0x00000000d6500000)
 ParOldGen       total 68608K, used 54695K [0x0000000080000000, 0x0000000084300000, 0x00000000d5580000)
  object space 68608K, 79% used [0x0000000080000000,0x0000000083569dd8,0x0000000084300000)
 Metaspace       used 61425K, committed 62848K, reserved 1114112K
  class space    used 7222K, committed 7808K, reserved 1048576K
}
Event: 15.800 GC heap before
{Heap before GC invocations=38 (full 3):
 PSYoungGen      total 9216K, used 7732K [0x00000000d5580000, 0x00000000d6700000, 0x0000000100000000)
  eden space 7680K, 84% used [0x00000000d5580000,0x00000000d5bd6eb8,0x00000000d5d00000)
  from space 1536K, 80% used [0x00000000d6580000,0x00000000d66b64b8,0x00000000d6700000)
  to   space 2048K, 0% used [0x00000000d6300000,0x00000000d6300000,0x00000000d6500000)
 ParOldGen       total 68608K, used 54695K [0x0000000080000000, 0x0000000084300000, 0x00000000d5580000)
  object space 68608K, 79% used [0x0000000080000000,0x0000000083569dd8,0x0000000084300000)
 Metaspace       used 61520K, committed 62976K, reserved 1114112K
  class space    used 7227K, committed 7808K, reserved 1048576K
}
Event: 15.801 GC heap after
{Heap after GC invocations=38 (full 3):
 PSYoungGen      total 8704K, used 960K [0x00000000d5580000, 0x00000000d6600000, 0x0000000100000000)
  eden space 7680K, 0% used [0x00000000d5580000,0x00000000d5580000,0x00000000d5d00000)
  from space 1024K, 93% used [0x00000000d6300000,0x00000000d63f0010,0x00000000d6400000)
  to   space 1536K, 0% used [0x00000000d6480000,0x00000000d6480000,0x00000000d6600000)
 ParOldGen       total 68608K, used 55564K [0x0000000080000000, 0x0000000084300000, 0x00000000d5580000)
  object space 68608K, 80% used [0x0000000080000000,0x00000000836430b8,0x0000000084300000)
 Metaspace       used 61520K, committed 62976K, reserved 1114112K
  class space    used 7227K, committed 7808K, reserved 1048576K
}
Event: 15.823 GC heap before
{Heap before GC invocations=39 (full 3):
 PSYoungGen      total 8704K, used 8640K [0x00000000d5580000, 0x00000000d6600000, 0x0000000100000000)
  eden space 7680K, 100% used [0x00000000d5580000,0x00000000d5d00000,0x00000000d5d00000)
  from space 1024K, 93% used [0x00000000d6300000,0x00000000d63f0010,0x00000000d6400000)
  to   space 1536K, 0% used [0x00000000d6480000,0x00000000d6480000,0x00000000d6600000)
 ParOldGen       total 68608K, used 55564K [0x0000000080000000, 0x0000000084300000, 0x00000000d5580000)
  object space 68608K, 80% used [0x0000000080000000,0x00000000836430b8,0x0000000084300000)
 Metaspace       used 61611K, committed 63104K, reserved 1114112K
  class space    used 7242K, committed 7872K, reserved 1048576K
}
Event: 15.825 GC heap after
{Heap after GC invocations=39 (full 3):
 PSYoungGen      total 9216K, used 1056K [0x00000000d5580000, 0x00000000d6600000, 0x0000000100000000)
  eden space 7680K, 0% used [0x00000000d5580000,0x00000000d5580000,0x00000000d5d00000)
  from space 1536K, 68% used [0x00000000d6480000,0x00000000d6588000,0x00000000d6600000)
  to   space 1536K, 0% used [0x00000000d6300000,0x00000000d6300000,0x00000000d6480000)
 ParOldGen       total 68608K, used 57614K [0x0000000080000000, 0x0000000084300000, 0x00000000d5580000)
  object space 68608K, 83% used [0x0000000080000000,0x0000000083843848,0x0000000084300000)
 Metaspace       used 61611K, committed 63104K, reserved 1114112K
  class space    used 7242K, committed 7872K, reserved 1048576K
}
Event: 15.851 GC heap before
{Heap before GC invocations=40 (full 3):
 PSYoungGen      total 9216K, used 8720K [0x00000000d5580000, 0x00000000d6600000, 0x0000000100000000)
  eden space 7680K, 99% used [0x00000000d5580000,0x00000000d5cfc048,0x00000000d5d00000)
  from space 1536K, 68% used [0x00000000d6480000,0x00000000d6588000,0x00000000d6600000)
  to   space 1536K, 0% used [0x00000000d6300000,0x00000000d6300000,0x00000000d6480000)
 ParOldGen       total 68608K, used 57614K [0x0000000080000000, 0x0000000084300000, 0x00000000d5580000)
  object space 68608K, 83% used [0x0000000080000000,0x0000000083843848,0x0000000084300000)
 Metaspace       used 62043K, committed 63552K, reserved 1114112K
  class space    used 7292K, committed 7936K, reserved 1048576K
}
Event: 15.853 GC heap after
{Heap after GC invocations=40 (full 3):
 PSYoungGen      total 9216K, used 1169K [0x00000000d5580000, 0x00000000d6500000, 0x0000000100000000)
  eden space 7680K, 0% used [0x00000000d5580000,0x00000000d5580000,0x00000000d5d00000)
  from space 1536K, 76% used [0x00000000d6300000,0x00000000d6424400,0x00000000d6480000)
  to   space 512K, 0% used [0x00000000d6480000,0x00000000d6480000,0x00000000d6500000)
 ParOldGen       total 68608K, used 59623K [0x0000000080000000, 0x0000000084300000, 0x00000000d5580000)
  object space 68608K, 86% used [0x0000000080000000,0x0000000083a39fc8,0x0000000084300000)
 Metaspace       used 62043K, committed 63552K, reserved 1114112K
  class space    used 7292K, committed 7936K, reserved 1048576K
}
Event: 15.873 GC heap before
{Heap before GC invocations=41 (full 3):
 PSYoungGen      total 9216K, used 8849K [0x00000000d5580000, 0x00000000d6500000, 0x0000000100000000)
  eden space 7680K, 100% used [0x00000000d5580000,0x00000000d5d00000,0x00000000d5d00000)
  from space 1536K, 76% used [0x00000000d6300000,0x00000000d6424400,0x00000000d6480000)
  to   space 512K, 0% used [0x00000000d6480000,0x00000000d6480000,0x00000000d6500000)
 ParOldGen       total 68608K, used 59623K [0x0000000080000000, 0x0000000084300000, 0x00000000d5580000)
  object space 68608K, 86% used [0x0000000080000000,0x0000000083a39fc8,0x0000000084300000)
 Metaspace       used 62236K, committed 63744K, reserved 1114112K
  class space    used 7321K, committed 8000K, reserved 1048576K
}
Event: 15.876 GC heap after
{Heap after GC invocations=41 (full 3):
 PSYoungGen      total 8192K, used 480K [0x00000000d5580000, 0x00000000d6500000, 0x0000000100000000)
  eden space 7680K, 0% used [0x00000000d5580000,0x00000000d5580000,0x00000000d5d00000)
  from space 512K, 93% used [0x00000000d6480000,0x00000000d64f8010,0x00000000d6500000)
  to   space 1536K, 0% used [0x00000000d6300000,0x00000000d6300000,0x00000000d6480000)
 ParOldGen       total 68608K, used 63789K [0x0000000080000000, 0x0000000084300000, 0x00000000d5580000)
  object space 68608K, 92% used [0x0000000080000000,0x0000000083e4b768,0x0000000084300000)
 Metaspace       used 62236K, committed 63744K, reserved 1114112K
  class space    used 7321K, committed 8000K, reserved 1048576K
}

